<?xml version="1.0" encoding="UTF-8"?>
<!-- Generated by org.testng.reporters.JUnitReportReporter -->
<testsuite skipped="0" hostname="user-53991fe486" name="com.epam.lab.testng1.CopyFromRoman" tests="5" failures="0" timestamp="16 мая 2018 19:17:45 GMT" time="43.077" errors="0">
  <testcase name="testChangeSorting" time="6.609" classname="com.epam.lab.testng1.CopyFromRoman"/>
  <testcase name="testSearch" time="6.093" classname="com.epam.lab.testng1.CopyFromRoman"/>
  <testcase name="verifyTagSelenium" time="2.484" classname="com.epam.lab.testng1.CopyFromRoman"/>
  <testcase name="testLogIn" time="21.094" classname="com.epam.lab.testng1.CopyFromRoman"/>
  <testcase name="testNewSearchQuery" time="6.797" classname="com.epam.lab.testng1.CopyFromRoman"/>
</testsuite> <!-- com.epam.lab.testng1.CopyFromRoman -->
