<?xml version="1.0" encoding="UTF-8"?>
<!-- Generated by org.testng.reporters.JUnitReportReporter -->
<testsuite skipped="0" hostname="user-53991fe486" name="com.epam.lab.testng1.AppTest" tests="5" failures="0" timestamp="17 мая 2018 08:10:14 GMT" time="266.312" errors="0">
  <testcase name="otherSearch" time="53.063" classname="com.epam.lab.testng1.AppTest"/>
  <testcase name="logining" time="81.844" classname="com.epam.lab.testng1.AppTest"/>
  <testcase name="seaching" time="49.015" classname="com.epam.lab.testng1.AppTest"/>
  <testcase name="sortingResults" time="39.140" classname="com.epam.lab.testng1.AppTest"/>
  <testcase name="verifySeaching" time="43.250" classname="com.epam.lab.testng1.AppTest"/>
</testsuite> <!-- com.epam.lab.testng1.AppTest -->
