<?xml version="1.0" encoding="UTF-8"?>
<!-- Generated by org.testng.reporters.JUnitReportReporter -->
<testsuite skipped="0" hostname="user-53991fe486" name="com.epam.lab.testng1.GrafclimbPro" tests="1" failures="0" timestamp="17 мая 2018 10:44:20 GMT" time="106.407" errors="0">
  <testcase name="simpleTest" time="106.407" classname="com.epam.lab.testng1.GrafclimbPro"/>
</testsuite> <!-- com.epam.lab.testng1.GrafclimbPro -->
